<?xml version="1.0" encoding="UTF-8"?>
<testsuite xmlns:xsi="http://www.w3.org/2001/XMLSchema-instance" xsi:noNamespaceSchemaLocation="https://maven.apache.org/surefire/maven-surefire-plugin/xsd/surefire-test-report-3.0.xsd" version="3.0" name="TestSuite" time="20.296" tests="2" errors="0" skipped="0" failures="0">
  <properties>
[...]
</properties>
  <testcase name="testThinkingInHTMLBookPurchase" classname="com.practice.automationtesting.tests.ShopTest" time="2.845">
    <system-err><![CDATA[Dec 14, 2024 2:58:13 AM org.openqa.selenium.remote.tracing.opentelemetry.OpenTelemetryTracer createTracer
INFO: Using OpenTelemetry for tracing
]]></system-err>
  </testcase>
  <testcase name="testThinkingInHTMLBookPurchase" classname="com.practice.automationtesting.tests.ShopTest" time="3.731"/>
</testsuite>